[debug] [2022-03-01T07:38:58.090Z] ----------------------------------------------------------------------
[debug] [2022-03-01T07:38:58.092Z] Command:       /usr/local/bin/node /usr/local/bin/firebase deploy
[debug] [2022-03-01T07:38:58.093Z] CLI Version:   10.2.0
[debug] [2022-03-01T07:38:58.093Z] Platform:      linux
[debug] [2022-03-01T07:38:58.093Z] Node Version:  v16.13.2
[debug] [2022-03-01T07:38:58.093Z] Time:          Tue Mar 01 2022 09:38:58 GMT+0200 (South Africa Standard Time)
[debug] [2022-03-01T07:38:58.094Z] ----------------------------------------------------------------------
[debug] 
[debug] [2022-03-01T07:38:58.169Z] > command requires scopes: ["email","openid","https://www.googleapis.com/auth/cloudplatformprojects.readonly","https://www.googleapis.com/auth/firebase","https://www.googleapis.com/auth/cloud-platform"]
[debug] [2022-03-01T07:38:58.170Z] > authorizing via signed-in user (bearnomangola7@gmail.com)
[debug] [2022-03-01T07:38:58.170Z] [iam] checking project pos-collabo-project for permissions ["firebase.projects.get","firebasehosting.sites.update"]
[debug] [2022-03-01T07:38:58.172Z] >>> [apiv2][query] POST https://cloudresourcemanager.googleapis.com/v1/projects/pos-collabo-project:testIamPermissions [none]
[debug] [2022-03-01T07:38:58.172Z] >>> [apiv2][body] POST https://cloudresourcemanager.googleapis.com/v1/projects/pos-collabo-project:testIamPermissions {"permissions":["firebase.projects.get","firebasehosting.sites.update"]}
[debug] [2022-03-01T07:39:00.432Z] <<< [apiv2][status] POST https://cloudresourcemanager.googleapis.com/v1/projects/pos-collabo-project:testIamPermissions 200
[debug] [2022-03-01T07:39:00.432Z] <<< [apiv2][body] POST https://cloudresourcemanager.googleapis.com/v1/projects/pos-collabo-project:testIamPermissions {"permissions":["firebase.projects.get","firebasehosting.sites.update"]}
[debug] [2022-03-01T07:39:00.438Z] >>> [apiv2][query] GET https://firebase.googleapis.com/v1beta1/projects/pos-collabo-project [none]
[debug] [2022-03-01T07:39:01.652Z] <<< [apiv2][status] GET https://firebase.googleapis.com/v1beta1/projects/pos-collabo-project 200
[debug] [2022-03-01T07:39:01.653Z] <<< [apiv2][body] GET https://firebase.googleapis.com/v1beta1/projects/pos-collabo-project {"projectId":"pos-collabo-project","projectNumber":"657721716034","displayName":"POS-Collabo-project","name":"projects/pos-collabo-project","resources":{"hostingSite":"pos-collabo-project"},"state":"ACTIVE"}
[info] 
[info] === Deploying to 'pos-collabo-project'...
[info] 
[info] i  deploying hosting 
[debug] [2022-03-01T07:39:01.673Z] > refreshing access token with scopes: ["email","https://www.googleapis.com/auth/cloud-platform","https://www.googleapis.com/auth/cloudplatformprojects.readonly","https://www.googleapis.com/auth/firebase","openid"]
[debug] [2022-03-01T07:39:01.674Z] >>> HTTP REQUEST POST https://www.googleapis.com/oauth2/v3/token  
 <request body omitted>
[debug] [2022-03-01T07:39:02.162Z] <<< HTTP RESPONSE 200 {"date":"Tue, 01 Mar 2022 07:39:02 GMT","expires":"Mon, 01 Jan 1990 00:00:00 GMT","pragma":"no-cache","cache-control":"no-cache, no-store, max-age=0, must-revalidate","content-type":"application/json; charset=utf-8","vary":"X-Origin, Referer, Origin,Accept-Encoding","server":"scaffolding on HTTPServer2","x-xss-protection":"0","x-frame-options":"SAMEORIGIN","x-content-type-options":"nosniff","alt-svc":"h3=\":443\"; ma=2592000,h3-29=\":443\"; ma=2592000,h3-Q050=\":443\"; ma=2592000,h3-Q046=\":443\"; ma=2592000,h3-Q043=\":443\"; ma=2592000,quic=\":443\"; ma=2592000; v=\"46,43\"","accept-ranges":"none","transfer-encoding":"chunked"}
[debug] [2022-03-01T07:39:02.181Z] >>> HTTP REQUEST POST https://firebasehosting.googleapis.com/v1beta1/sites/pos-collabo-project/versions  
 {"config":{},"labels":{"deployment-tool":"cli-firebase"}}
[debug] [2022-03-01T07:39:05.020Z] <<< HTTP RESPONSE 500 {"vary":"X-Origin, Referer, Origin,Accept-Encoding","content-type":"application/json; charset=UTF-8","date":"Tue, 01 Mar 2022 07:39:04 GMT","server":"ESF","cache-control":"private","x-xss-protection":"0","x-frame-options":"SAMEORIGIN","x-content-type-options":"nosniff","alt-svc":"h3=\":443\"; ma=2592000,h3-29=\":443\"; ma=2592000,h3-Q050=\":443\"; ma=2592000,h3-Q046=\":443\"; ma=2592000,h3-Q043=\":443\"; ma=2592000,quic=\":443\"; ma=2592000; v=\"46,43\"","accept-ranges":"none","transfer-encoding":"chunked"}
[debug] [2022-03-01T07:39:05.021Z] <<< HTTP RESPONSE BODY {"error":{"code":500,"message":"Internal error encountered.","status":"INTERNAL"}}
[error] 
[error] Error: HTTP Error: 500, Internal error encountered.
[debug] [2022-03-01T07:39:05.644Z] Error Context: {
  "body": {
    "error": {
      "code": 500,
      "message": "Internal error encountered.",
      "status": "INTERNAL"
    }
  },
  "response": {
    "statusCode": 500,
    "body": {
      "error": {
        "code": 500,
        "message": "Internal error encountered.",
        "status": "INTERNAL"
      }
    },
    "headers": {
      "vary": "X-Origin, Referer, Origin,Accept-Encoding",
      "content-type": "application/json; charset=UTF-8",
      "date": "Tue, 01 Mar 2022 07:39:04 GMT",
      "server": "ESF",
      "cache-control": "private",
      "x-xss-protection": "0",
      "x-frame-options": "SAMEORIGIN",
      "x-content-type-options": "nosniff",
      "alt-svc": "h3=\":443\"; ma=2592000,h3-29=\":443\"; ma=2592000,h3-Q050=\":443\"; ma=2592000,h3-Q046=\":443\"; ma=2592000,h3-Q043=\":443\"; ma=2592000,quic=\":443\"; ma=2592000; v=\"46,43\"",
      "accept-ranges": "none",
      "transfer-encoding": "chunked"
    },
    "request": {
      "uri": {
        "protocol": "https:",
        "slashes": true,
        "auth": null,
        "host": "firebasehosting.googleapis.com",
        "port": 443,
        "hostname": "firebasehosting.googleapis.com",
        "hash": null,
        "search": null,
        "query": null,
        "pathname": "/v1beta1/sites/pos-collabo-project/versions",
        "path": "/v1beta1/sites/pos-collabo-project/versions",
        "href": "https://firebasehosting.googleapis.com/v1beta1/sites/pos-collabo-project/versions"
      },
      "method": "POST"
    }
  }
}
